commit 3e432ae9439f20b28b38991a5eedd2407a38aef6
Author: Aashish Sheshadri <aashish.sheshadri@gmail.com>
Date:   Thu Jun 13 15:31:26 2013 -0500

    Adding test collatz output file

commit 7d3c84e3523c10012efa79de637136363c775604
Author: Aashish Sheshadri <aashish.sheshadri@gmail.com>
Date:   Thu Jun 13 15:28:57 2013 -0500

    Added documentation generated by doxygen

commit 24cd85c67a9600fd7155da24adb2e2ce31845b61
Author: Aashish Sheshadri <aashish.sheshadri@gmail.com>
Date:   Thu Jun 13 15:28:04 2013 -0500

    Added SphereCollatz.c++ acceptable to both v1 and v2

commit f332ff2459b31e721d65945a18ad0643f9da7520
Author: Aashish Sheshadri <aashish.sheshadri@gmail.com>
Date:   Thu Jun 13 15:22:18 2013 -0500

    refined lazy cache

commit 1fe637331a0194676cb07dea59fececb9b0f109a
Author: Aashish Sheshadri <aashish.sheshadri@gmail.com>
Date:   Thu Jun 13 15:17:17 2013 -0500

    syncing acceptance tests

commit c058678ca6938eae8a0ff7c74799b14a704342e1
Author: Aashish Sheshadri <aashish.sheshadri@gmail.com>
Date:   Wed Jun 12 12:23:39 2013 -0500

    in collatz.c++ enabled auto initialization of lazy cache

commit 4c163ea9ef70dca2f861f5c3fe25228ce74e4fc7
Author: Aashish Sheshadri <aashish.sheshadri@gmail.com>
Date:   Wed Jun 12 00:11:24 2013 -0500

    added lazy cache

commit 4884011891731e50c61523f6fb131bb33a078683
Author: Aashish Sheshadri <aashish.sheshadri@gmail.com>
Date:   Tue Jun 11 23:00:25 2013 -0500

    Added interface and unit tests for lazy cache

commit 7b57978f39eb32676e0be8ffdfe2730fbd2d89d1
Author: Aashish Sheshadri <aashish.sheshadri@gmail.com>
Date:   Tue Jun 11 19:24:30 2013 -0500

    updated acceptance tests

commit b828ca51a582fc240d10484204018694d53e3fbd
Author: Aashish Sheshadri <aashish.sheshadri@gmail.com>
Date:   Tue Jun 11 19:19:43 2013 -0500

    Added additional unit tests for eval and enables swap inputs

commit b067b507d52d894d13ca1959abe2564464a842de
Author: Aashish Sheshadri <aashish.sheshadri@gmail.com>
Date:   Tue Jun 11 17:41:32 2013 -0500

    Added 1000 acceptance tests

commit 3a2405986aff08c9b4db517506cac01818c88814
Author: Aashish Sheshadri <aashish.sheshadri@gmail.com>
Date:   Tue Jun 11 17:40:53 2013 -0500

    Added scipts to generate acceptance tests

commit 77eaf2b7d1424d96f5db4041ff45543e9d6ec4e7
Author: Aashish Sheshadri <aashish.sheshadri@gmail.com>
Date:   Tue Jun 11 14:12:47 2013 -0500

    Added naive implementation and tests pass

commit 961d057fd81e5ee9f462d507b34d46087e2acb23
Author: Aashish Sheshadri <aashish.sheshadri@gmail.com>
Date:   Mon Jun 10 23:03:36 2013 -0500

    Updated initial set of unit tests and acceptance tests

commit 2589a4db9bd0033756ecbaa69a7b2ad03b47e12c
Author: Aashish Sheshadri <aashish.sheshadri@gmail.com>
Date:   Sun Jun 9 17:10:21 2013 -0500

    renamed files back to c++ instead of cpp

commit cf10d7afcaf641bfba29645966f08eed361ce47a
Author: Aashish Sheshadri <aashish.sheshadri@gmail.com>
Date:   Sun Jun 9 17:07:53 2013 -0500

    Adding skeleton

commit 04a744163c2fead6de26e7795134780093f86ecd
Author: aashish-sheshadri <aashish.sheshadri@gmail.com>
Date:   Sun Jun 9 14:20:32 2013 -0700

    Initial commit
