397 744 171
514 723 171
173 199 120
66 542 144
699 937 179
221 239 128
179 411 144
292 303 118
392 415 134
24 272 128
648 871 179
316 812 171
355 706 171
165 302 128
278 745 171
518 776 171
57 264 128
348 369 126
528 652 145
136 306 128
444 926 179
396 738 171
64 590 144
47 893 179
692 848 171
367 564 142
799 940 179
620 768 171
296 762 171
336 389 126
686 690 127
164 902 179
239 655 145
225 356 144
68 263 128
80 462 144
246 408 144
803 839 135
185 830 171
443 925 179
238 625 144
146 287 128
338 394 126
84 664 145
530 586 137
43 816 171
249 956 179
33 461 144
168 860 171
55 846 171
624 847 171
325 472 144
64 797 171
40 89 116
463 765 171
444 900 179
3 941 179
588 801 171
59 528 144
357 642 142
439 967 179
38 587 144
21 112 119
221 999 179
334 879 179
2 381 144
28 80 116
545 883 179
365 703 171
76 370 144
2 116 119
355 457 134
68 872 179
837 932 179
432 853 171
446 722 171
168 327 144
172 632 144
35 788 171
41 496 144
861 982 179
210 497 144
89 987 179
135 961 179
302 698 145
481 954 179
529 904 179
25 823 171
566 945 179
793 891 179
100 684 145
202 654 145
473 992 179
268 429 144
34 696 145
280 549 144
556 827 171
192 785 171
433 697 145
662 728 171
376 377 108
567 804 171
716 880 179
328 588 142
278 410 144
12 29 112
13 117 119
261 876 179
215 627 144
109 817 171
83 806 171
440 641 142
479 700 145
448 560 142
442 739 171
36 49 110
108 148 122
354 780 171
428 695 145
185 881 179
435 586 142
431 505 142
264 807 171
447 592 142
170 223 125
465 918 179
166 353 144
49 723 171
347 638 142
546 784 171
468 813 171
73 416 144
905 909 68
732 818 153
189 759 171
205 613 144
215 538 144
298 800 171
598 627 132
85 231 128
411 869 171
126 780 171
120 484 144
236 385 144
110 959 179
767 770 60
252 713 171
251 692 145
512 646 137
157 988 179
253 979 179
119 850 171
326 676 145
519 704 171
688 922 179
754 976 179
414 667 145
173 437 144
11 882 179
127 287 128
52 547 144
623 702 145
14 915 179
184 366 144
809 824 135
95 616 144
96 204 125
169 520 144
6 932 179
378 628 142
137 649 145
333 676 145
318 357 144
114 973 179
93 455 144
295 483 144
425 464 129
799 907 179
167 270 128
43 594 144
550 768 171
14 694 145
467 808 171
257 562 144
235 957 179
45 826 171
105 288 128
194 756 171
372 761 171
35 636 144
69 937 179
265 374 144
340 634 142
72 952 179
502 554 137
128 677 145
111 545 144
242 581 144
933 972 174
755 845 153
518 832 171
313 482 144
191 552 144
738 815 153
412 927 179
441 840 171
67 574 144
414 813 171
371 431 134
201 540 144
156 940 179
91 487 144
790 868 148
230 244 128
460 875 179
410 454 134
432 503 142
769 847 153
81 376 144
199 679 145
142 919 179
298 449 144
561 995 179
373 767 171
316 859 171
160 661 145
193 886 179
265 605 144
515 845 171
18 246 128
931 950 174
152 989 179
147 359 144
66 271 128
151 668 145
285 292 118
242 788 171
319 560 144
392 571 142
281 558 144
84 908 179
120 131 122
113 855 171
452 882 179
195 966 179
203 503 144
486 954 179
834 980 179
200 593 144
188 445 144
541 820 171
129 143 122
4 773 171
123 426 144
337 612 142
430 972 179
353 736 171
142 930 179
465 699 145
229 256 128
647 992 179
823 980 179
429 715 171
114 174 125
712 971 179
222 848 171
354 498 142
149 506 144
644 925 179
217 352 144
157 307 128
266 443 144
78 990 179
695 838 171
361 886 179
532 720 171
514 934 179
54 524 144
358 614 142
402 819 171
109 542 144
216 522 144
529 570 137
81 999 179
753 883 179
602 645 132
121 635 144
828 889 179
455 474 129
299 602 144
372 445 134
37 956 179
865 945 179
277 598 144
86 771 171
814 871 179
467 489 142
290 457 144
685 915 179
7 42 112
742 904 179
557 677 145
439 656 145
7 752 171
343 493 142
197 852 171
9 633 144
425 968 179
234 662 145
30 582 144
530 899 179
208 509 144
26 680 145
214 322 131
60 363 144
102 137 122
314 831 171
191 898 179
301 417 144
259 752 171
145 423 144
286 332 144
391 693 145
283 901 179
877 918 148
254 970 179
310 951 179
592 851 171
814 949 179
570 629 132
104 135 122
77 536 144
564 869 171
140 618 144
55 193 125
74 605 144
402 548 142
483 507 142
337 505 142
407 534 142
289 976 179
342 351 126
103 854 171
17 969 179
305 646 144
364 644 142
169 775 171
774 888 179
567 860 171
102 543 144
419 499 142
103 294 128
222 417 144
88 451 144
8 958 179
562 690 145
139 935 179
683 777 171
240 308 123
688 812 171
51 857 171
61 691 145
470 837 171
523 705 171
250 582 144
244 363 144
335 811 171
182 475 144
520 622 137
571 810 171
83 619 144
346 608 142
150 911 179
87 998 179
56 399 144
334 787 171
50 78 116
225 790 171
531 547 137
576 682 145
202 501 144
400 610 142
15 118 119
175 850 171
153 591 144
345 346 126
568 672 145
132 955 179
162 177 125
498 669 145
46 256 128
159 460 144
154 668 145
345 501 142
19 854 171
331 441 134
24 663 145
88 343 144
6 513 144
683 944 179
628 946 179
517 673 145
115 967 179
368 829 171
241 824 171
765 987 179
730 910 179
369 636 142
606 759 171
311 717 171
247 565 144
148 675 145
175 583 144
760 982 179
312 896 179
92 296 128
435 727 171
597 991 179
304 658 145
312 607 144
469 990 179
60 153 122
286 332 144
122 401 144
492 630 137
404 778 171
621 626 132
492 596 137
924 953 174
835 938 179
718 986 179
806 827 135
480 735 171
97 798 171
99 906 179
516 870 171
20 589 144
655 693 145
440 508 142
418 657 145
390 537 142
612 935 179
145 913 179
734 923 179
336 381 126
864 996 179
234 821 171
283 464 144
565 856 171
555 653 145
3 726 171
107 519 144
384 456 134
25 279 128
393 758 171
424 671 145
553 718 171
299 743 171
201 587 144
275 733 171
110 782 171
619 962 179
237 243 97
339 952 179
19 329 144
277 866 171
687 901 179
33 94 116
499 515 124
517 682 145
521 543 137
161 267 128
491 817 171
335 481 134
144 733 171
123 938 179
8 50 112
206 810 171
310 776 171
694 731 171
526 563 137
197 734 171
739 867 153
572 941 179
740 862 153
320 620 144
82 908 179
59 113 119
327 659 145
375 862 171
116 600 144
147 635 144
95 665 145
5 751 171
93 106 119
601 725 171
57 398 144
371 916 179
245 496 144
158 885 179
500 949 179
41 611 144
212 660 145
479 785 171
53 846 171
34 964 179
706 951 179
851 920 179
154 386 144
118 536 144
349 523 142
9 213 125
61 944 179
151 421 144
393 681 145
595 840 171
645 766 171
74 826 171
361 386 121
228 388 144
212 640 144
187 996 179
62 988 179
307 471 144
210 407 144
364 689 145
599 997 179
36 308 128
395 833 171
63 968 179
21 408 144
719 836 153
555 748 171
217 803 171
526 589 137
383 559 142
380 590 142
333 936 179
380 401 121
178 816 171
161 190 125
488 748 171
666 895 179
947 953 37
58 750 171
382 801 171
71 559 144
324 450 144
447 960 179
149 773 171
452 763 171
781 795 122
466 674 145
420 825 171
224 896 179
747 989 179
90 642 144
805 880 179
472 745 171
531 975 179
16 830 171
52 430 144
317 525 144
554 573 106
248 290 123
92 613 144
42 903 179
438 736 171
186 405 144
450 858 171
190 727 171
626 928 179
227 829 171
31 841 171
124 367 144
521 820 171
624 890 179
186 390 144
674 955 179
446 482 129
121 981 179
344 933 179
789 900 179
176 878 179
394 566 142
270 291 118
456 912 179
291 704 171
575 884 179
117 863 171
323 459 144
134 474 144
834 978 179
708 889 179
344 709 171
79 434 144
630 729 171
842 921 179
266 480 144
475 732 171
729 950 179
341 879 179
477 764 171
10 379 144
448 859 171
98 737 171
585 792 171
724 998 179
338 597 142
180 609 144
687 890 179
32 331 144
786 796 122
548 977 179
250 561 144
326 544 144
176 208 120
494 975 179
356 657 145
133 504 144
226 962 179
159 572 144
1 360 144
579 652 145
22 348 144
497 557 137
188 749 171
220 309 128
28 746 171
293 754 171
701 877 179
705 917 179
664 843 171
538 793 171
247 707 171
94 219 125
27 406 144
263 795 171
669 783 171
575 873 179
304 409 144
406 782 171
140 757 171
220 942 179
301 651 145
236 866 171
681 919 179
163 878 179
17 293 128
238 711 171
69 511 144
249 843 171
476 893 179
198 929 179
490 643 142
101 397 144
125 552 144
223 255 128
133 403 144
11 725 171
468 506 142
322 403 144
325 629 144
275 844 171
556 756 171
379 451 134
350 672 145
213 317 131
551 917 179
65 273 128
323 477 144
260 434 144
303 977 179
396 491 142
374 621 142
182 591 144
274 508 144
297 828 171
280 959 179
130 818 171
427 943 179
53 422 144
510 948 179
65 573 144
709 764 153
958 1000 143
26 268 128
141 761 171
649 995 179
606 939 179
428 584 142
413 853 171
86 544 144
51 211 125
578 902 179
490 749 171
321 721 171
207 469 144
99 365 144
105 378 144
502 594 137
462 802 171
189 874 179
130 243 128
230 746 171
422 533 142
708 728 96
617 792 171
328 400 126
383 710 171
38 79 116
271 913 179
104 836 171
62 577 144
39 470 144
279 453 144
320 714 171
134 874 179
172 969 179
71 916 179
128 350 144
659 894 179
90 715 171
112 663 145
375 650 145
258 581 144
809 839 135
245 703 171
637 678 145
253 522 144
362 686 145
625 892 179
324 784 171
158 288 128
295 641 144
680 698 127
144 684 145
274 653 145
574 909 179
314 599 144
100 832 171
136 984 179
524 673 145
712 960 179
30 262 128
604 794 171
198 774 171
546 772 171
204 760 171
540 656 145
700 947 179
248 887 179
488 923 179
670 671 96
115 631 144
15 638 144
710 721 65
421 539 142
777 802 122
276 595 144
183 229 120
583 601 119
454 610 142
779 930 179
701 994 179
551 787 171
91 604 144
232 717 171
20 44 112
37 899 179
476 892 179
580 633 132
449 697 145
442 463 129
203 639 144
569 921 179
388 965 179
56 966 179
126 568 144
58 654 145
436 696 145
360 534 142
632 660 145
315 819 171
297 762 171
231 849 171
181 741 171
269 643 144
535 794 171
600 808 171
122 577 144
300 342 144
471 584 142
399 939 179
276 742 171
156 841 171
458 578 142
18 527 144
272 786 171
753 903 179
495 648 137
857 873 179
811 981 179
382 623 142
872 929 148
98 306 128
227 609 144
183 719 171
75 75 15
82 898 179
876 911 148
192 800 171
419 647 142
143 867 171
755 791 153
16 87 116
258 284 123
473 884 179
614 927 179
370 946 179
131 167 117
341 961 179
224 707 171
330 822 171
125 775 171
233 997 179
73 963 179
300 489 144
661 920 179
32 347 144
70 640 144
141 416 144
607 965 179
385 943 179
13 553 144
106 675 145
493 864 171
150 895 179
931 942 174
27 232 128
29 910 179
532 713 171
259 340 144
437 922 179
507 744 171
139 436 144
211 404 144
47 233 128
459 569 142
45 389 144
162 798 171
111 914 179
486 985 179
743 970 179
155 737 171
778 983 179
282 576 144
179 670 145
170 615 144
119 155 122
76 667 145
368 891 179
72 267 128
313 740 171
196 855 171
138 617 144
438 726 171
39 957 179
563 838 171
48 273 128
339 856 171
207 639 144
420 833 171
196 513 144
180 766 171
195 779 171
124 433 144
4 907 179
789 875 179
1 658 145
257 261 123
461 906 179
235 791 171
509 822 171
97 805 171
23 769 171
255 714 171
251 815 171
129 209 125
44 689 145
487 711 171
63 352 144
241 964 179
527 533 124
305 702 145
377 678 145
512 550 137
252 478 144
358 637 142
741 849 153
618 971 179
285 905 179
631 983 179
387 516 142
10 418 144
12 412 144
171 209 125
171 500 144
424 835 171
318 405 144
485 722 171
580 615 132
138 387 144
46 993 179
132 427 144
395 797 171
391 651 145
504 750 171
852 863 148
763 985 179
484 735 171
665 897 179
495 730 171
96 881 179
184 608 144
398 770 171
986 994 112
5 262 128
22 366 144
330 948 179
226 888 179
510 796 171
329 596 142
349 914 179
622 781 171
603 973 179
359 415 134
858 885 179
289 453 144
164 426 144
174 593 144
351 485 134
237 974 179
77 466 144
181 539 144
269 861 171
281 842 171
409 783 171
214 634 144
40 991 179
31 218 125
260 311 123
152 979 179
206 934 179
373 772 171
54 616 144
205 541 144
319 912 179
537 887 179
166 926 179
254 894 179
751 758 140
494 558 137
716 825 153
200 321 131
70 511 144
127 870 171
163 315 131
549 679 145
282 868 171
178 685 145
160 579 144
101 611 144
85 924 179
771 928 179
240 747 171
724 844 153
897 984 174
218 978 179
146 585 144
458 650 145
309 1000 179
108 216 125
187 228 120
535 804 171
757 831 153
219 821 171
107 865 171
194 423 144
294 963 179
165 177 125
666 974 179
67 691 145
284 478 144
48 731 171
362 525 142
23 720 171
603 936 179
384 413 134
807 993 179
